ipitslo/build/outputs/logs/manifest-merger-debug-report.txt
-- Merging decision tree log ---
manifest
ADDED from AndroidManifest.xml:1:1
	package
		ADDED from AndroidManifest.xml:2:5
		INJECTED from AndroidManifest.xml:0:0
		INJECTED from AndroidManifest.xml:0:0
	android:versionName
		ADDED from AndroidManifest.xml:4:5
	android:versionCode
		ADDED from AndroidManifest.xml:3:5
		INJECTED from AndroidManifest.xml:0:0
		INJECTED from AndroidManifest.xml:0:0
	xmlns:android
		ADDED from AndroidManifest.xml:1:11
uses-sdk
ADDED from AndroidManifest.xml:6:5
MERGED from com.android.support:support-v4:21.0.3:15:5
	android:targetSdkVersion
		ADDED from AndroidManifest.xml:8:9
		INJECTED from AndroidManifest.xml:0:0
		INJECTED from AndroidManifest.xml:0:0
	android:minSdkVersion
		ADDED from AndroidManifest.xml:7:9
		INJECTED from AndroidManifest.xml:0:0
		INJECTED from AndroidManifest.xml:0:0
uses-permission#android.permission.INTERNET
ADDED from AndroidManifest.xml:10:5
	android:name
		ADDED from AndroidManifest.xml:10:22
uses-permission#android.permission.ACCESS_NETWORK_STATE
ADDED from AndroidManifest.xml:11:5
	android:name
		ADDED from AndroidManifest.xml:11:22
uses-permission#android.permission.RECEIVE_BOOT_COMPLETED
ADDED from AndroidManifest.xml:12:5
	android:name
		ADDED from AndroidManifest.xml:12:22
application
ADDED from AndroidManifest.xml:14:5
MERGED from com.android.support:support-v4:21.0.3:16:5
	android:label
		ADDED from AndroidManifest.xml:17:9
	android:allowBackup
		ADDED from AndroidManifest.xml:15:9
	android:icon
		ADDED from AndroidManifest.xml:16:9
	android:theme
		ADDED from AndroidManifest.xml:18:9
activity#com.thepit.ipitslo.ui.HomeActivity
ADDED from AndroidManifest.xml:19:9
	android:label
		ADDED from AndroidManifest.xml:21:13
	android:name
		ADDED from AndroidManifest.xml:20:13
intent-filter#android.intent.action.MAIN+android.intent.category.LAUNCHER
ADDED from AndroidManifest.xml:22:13
action#android.intent.action.MAIN
ADDED from AndroidManifest.xml:23:17
	android:name
		ADDED from AndroidManifest.xml:23:25
category#android.intent.category.LAUNCHER
ADDED from AndroidManifest.xml:25:17
	android:name
		ADDED from AndroidManifest.xml:25:27
activity#com.thepit.ipitslo.ui.BeltPageActivity
ADDED from AndroidManifest.xml:28:9
	android:name
		ADDED from AndroidManifest.xml:28:19
activity#com.thepit.ipitslo.ui.BeltDetailActivity
ADDED from AndroidManifest.xml:30:9
	android:name
		ADDED from AndroidManifest.xml:30:19
activity#com.thepit.ipitslo.ui.BlogActivity
ADDED from AndroidManifest.xml:32:9
	android:name
		ADDED from AndroidManifest.xml:32:19
activity#com.thepit.ipitslo.ui.BlogDetailActivity
ADDED from AndroidManifest.xml:34:9
	android:name
		ADDED from AndroidManifest.xml:34:19
activity#com.thepit.ipitslo.ui.ContactUsActivity
ADDED from AndroidManifest.xml:36:9
	android:name
		ADDED from AndroidManifest.xml:36:19
activity#com.thepit.ipitslo.ui.ScheduleActivity
ADDED from AndroidManifest.xml:38:9
	android:name
		ADDED from AndroidManifest.xml:38:19
activity#com.thepit.ipitslo.ui.FacebookActivity
ADDED from AndroidManifest.xml:40:9
	android:name
		ADDED from AndroidManifest.xml:40:19
activity#com.thepit.ipitslo.ui.TwitterActivity
ADDED from AndroidManifest.xml:42:9
	android:name
		ADDED from AndroidManifest.xml:42:19
activity#com.thepit.ipitslo.ui.YoutubeActivity
ADDED from AndroidManifest.xml:44:9
	android:name
		ADDED from AndroidManifest.xml:44:19